<?xml version="1.0" encoding="UTF-8"?>
<testng-results ignored="0" total="2" passed="2" failed="0" skipped="0">
  <reporter-output>
  </reporter-output>
  <suite started-at="2023-11-01T11:57:08 IST" name="Default suite" finished-at="2023-11-01T11:57:15 IST" duration-ms="7426">
    <groups>
    </groups>
    <test started-at="2023-11-01T11:57:08 IST" name="Default test" finished-at="2023-11-01T11:57:15 IST" duration-ms="7426">
      <class name="basic_of_testNG.Nov1_logout">
        <test-method signature="Login()[pri:0, instance:basic_of_testNG.Nov1_logout@196a42c3]" started-at="2023-11-01T11:57:08 IST" name="Login" finished-at="2023-11-01T11:57:14 IST" duration-ms="6162" status="PASS">
          <reporter-output>
          </reporter-output>
        </test-method> <!-- Login -->
        <test-method signature="Logout()[pri:0, instance:basic_of_testNG.Nov1_logout@196a42c3]" started-at="2023-11-01T11:57:14 IST" name="Logout" finished-at="2023-11-01T11:57:15 IST" duration-ms="1196" status="PASS">
          <reporter-output>
          </reporter-output>
        </test-method> <!-- Logout -->
      </class> <!-- basic_of_testNG.Nov1_logout -->
    </test> <!-- Default test -->
  </suite> <!-- Default suite -->
</testng-results>
